Error: ENOENT: no such file or directory, stat 'c:\Users\zombi\OneDrive\Desktop\django\RealState\listings\views.py.d8ff581d4a3977fbc466012f28e59689.tmp'
    at statSync (fs.js:1086:3)
    at Object.e.statSync (electron/js2c/asar_bundle.js:5:4315)
    at Object.statSync (c:\Users\zombi\.vscode\extensions\qiu8310.dot-template-vscode-0.1.2\node_modules\graceful-fs\polyfills.js:308:16)
    at c:\Users\zombi\.vscode\extensions\qiu8310.dot-template-vscode-0.1.2\node_modules\dot-template-core\out\core\Application.js:94:48
    at Array.forEach (<anonymous>)
    at Application.<anonymous> (c:\Users\zombi\.vscode\extensions\qiu8310.dot-template-vscode-0.1.2\node_modules\dot-template-core\out\core\Application.js:91:34)
    at step (c:\Users\zombi\.vscode\extensions\qiu8310.dot-template-vscode-0.1.2\node_modules\dot-template-core\node_modules\tslib\tslib.js:133:27)
    at Object.next (c:\Users\zombi\.vscode\extensions\qiu8310.dot-template-vscode-0.1.2\node_modules\dot-template-core\node_modules\tslib\tslib.js:114:57)
    at c:\Users\zombi\.vscode\extensions\qiu8310.dot-template-vscode-0.1.2\node_modules\dot-template-core\node_modules\tslib\tslib.js:107:75
    at new Promise (<anonymous>)
    at Object.__awaiter (c:\Users\zombi\.vscode\extensions\qiu8310.dot-template-vscode-0.1.2\node_modules\dot-template-core\node_modules\tslib\tslib.js:103:16)
    at run (c:\Users\zombi\.vscode\extensions\qiu8310.dot-template-vscode-0.1.2\node_modules\dot-template-core\out\core\Application.js:84:48)
    at Application.<anonymous> (c:\Users\zombi\.vscode\extensions\qiu8310.dot-template-vscode-0.1.2\node_modules\dot-template-core\out\core\Application.js:153:50)
    at step (c:\Users\zombi\.vscode\extensions\qiu8310.dot-template-vscode-0.1.2\node_modules\dot-template-core\node_modules\tslib\tslib.js:133:27)
    at Object.next (c:\Users\zombi\.vscode\extensions\qiu8310.dot-template-vscode-0.1.2\node_modules\dot-template-core\node_modules\tslib\tslib.js:114:57)
    at c:\Users\zombi\.vscode\extensions\qiu8310.dot-template-vscode-0.1.2\node_modules\dot-template-core\node_modules\tslib\tslib.js:107:75
    at new Promise (<anonymous>)
    at Object.__awaiter (c:\Users\zombi\.vscode\extensions\qiu8310.dot-template-vscode-0.1.2\node_modules\dot-template-core\node_modules\tslib\tslib.js:103:16)
    at Timeout._onTimeout (c:\Users\zombi\.vscode\extensions\qiu8310.dot-template-vscode-0.1.2\node_modules\dot-template-core\out\core\Application.js:144:59)
    at listOnTimeout (internal/timers.js:554:17)
    at processTimers (internal/timers.js:497:7)